13:16:38 **** Clean-only build of configuration Debug for project Livrable 1 ****
make clean 
rm -rf  ./src/Livrable\ 1.o ./src/arret.o ./src/auxiliaires.o ./src/coordonnees.o ./src/ligne.o ./src/station.o ./src/voyage.o  ./src/Livrable\ 1.d ./src/arret.d ./src/auxiliaires.d ./src/coordonnees.d ./src/ligne.d ./src/station.d ./src/voyage.d  "Livrable 1"
 
13:16:39 **** Build of configuration Debug for project Livrable 1 ****
make all 
make: Avertissement : le fichier « objects.mk » a une date de modification 0,81 s dans le futur
Building file: ../src/Livrable 1.cpp
Invoking: GCC C++ Compiler
g++ -std=c++0x -O0 -g3 -Wall -c -fmessage-length=0 -MMD -MP -MF"src/Livrable 1.d" -MT"src/Livrable\ 1.d" -o "src/Livrable 1.o" "../src/Livrable 1.cpp"
Finished building: ../src/Livrable 1.cpp
 
Building file: ../src/arret.cpp
Invoking: GCC C++ Compiler
g++ -std=c++0x -O0 -g3 -Wall -c -fmessage-length=0 -MMD -MP -MF"src/arret.d" -MT"src/arret.o" -o "src/arret.o" "../src/arret.cpp"
Finished building: ../src/arret.cpp
 
Building file: ../src/auxiliaires.cpp
Invoking: GCC C++ Compiler
g++ -std=c++0x -O0 -g3 -Wall -c -fmessage-length=0 -MMD -MP -MF"src/auxiliaires.d" -MT"src/auxiliaires.o" -o "src/auxiliaires.o" "../src/auxiliaires.cpp"
Finished building: ../src/auxiliaires.cpp
 
Building file: ../src/coordonnees.cpp
Invoking: GCC C++ Compiler
g++ -std=c++0x -O0 -g3 -Wall -c -fmessage-length=0 -MMD -MP -MF"src/coordonnees.d" -MT"src/coordonnees.o" -o "src/coordonnees.o" "../src/coordonnees.cpp"
Finished building: ../src/coordonnees.cpp
 
Building file: ../src/ligne.cpp
Invoking: GCC C++ Compiler
g++ -std=c++0x -O0 -g3 -Wall -c -fmessage-length=0 -MMD -MP -MF"src/ligne.d" -MT"src/ligne.o" -o "src/ligne.o" "../src/ligne.cpp"
Finished building: ../src/ligne.cpp
 
Building file: ../src/station.cpp
Invoking: GCC C++ Compiler
g++ -std=c++0x -O0 -g3 -Wall -c -fmessage-length=0 -MMD -MP -MF"src/station.d" -MT"src/station.o" -o "src/station.o" "../src/station.cpp"
Finished building: ../src/station.cpp
 
Building file: ../src/voyage.cpp
Invoking: GCC C++ Compiler
g++ -std=c++0x -O0 -g3 -Wall -c -fmessage-length=0 -MMD -MP -MF"src/voyage.d" -MT"src/voyage.o" -o "src/voyage.o" "../src/voyage.cpp"
In file included from ../src/voyage.cpp:9:0:
../src/voyage.h: In constructor ‘Voyage::Voyage(const std::vector<std::__cxx11::basic_string<char> >&, Ligne*)’:
../src/voyage.h:47:14: warning: ‘Voyage::m_destination’ will be initialized after [-Wreorder]
  std::string m_destination;
              ^
../src/voyage.h:45:9: warning:   ‘Ligne* Voyage::m_ligne’ [-Wreorder]
  Ligne* m_ligne;
         ^
../src/voyage.cpp:12:1: warning:   when initialized here [-Wreorder]
 Voyage::Voyage(const std::vector<std::string>& ligne_gtfs, Ligne* p_ligne)
 ^
Finished building: ../src/voyage.cpp
 
Building target: Livrable 1
Invoking: GCC C++ Linker
g++  -o "Livrable 1"  ./src/Livrable\ 1.o ./src/arret.o ./src/auxiliaires.o ./src/coordonnees.o ./src/ligne.o ./src/station.o ./src/voyage.o   
Finished building target: Livrable 1
 
make: AVERTISSEMENT : décalage d'horloge détecté. La construction peut être incomplète.
13:56:09 **** Incremental Build of configuration Debug for project Livrable 1 ****
make all 
make: rien à faire pour « all ».
13:57:03 **** Incremental Build of configuration Debug for project Livrable 1 ****
make all 
Building file: ../src/Livrable 1.cpp
Invoking: GCC C++ Compiler
g++ -std=c++0x -O0 -g3 -Wall -c -fmessage-length=0 -MMD -MP -MF"src/Livrable 1.d" -MT"src/Livrable\ 1.d" -o "src/Livrable 1.o" "../src/Livrable 1.cpp"
Finished building: ../src/Livrable 1.cpp
 
Building target: Livrable 1
Invoking: GCC C++ Linker
g++  -o "Livrable 1"  ./src/Livrable\ 1.o ./src/arret.o ./src/auxiliaires.o ./src/coordonnees.o ./src/ligne.o ./src/station.o ./src/voyage.o   
Finished building target: Livrable 1
 
13:57:13 **** Incremental Build of configuration Debug for project Livrable 1 ****
make all 
make: rien à faire pour « all ».
13:57:23 **** Incremental Build of configuration Debug for project Livrable 1 ****
make all 
Building file: ../src/Livrable 1.cpp
Invoking: GCC C++ Compiler
g++ -std=c++0x -O0 -g3 -Wall -c -fmessage-length=0 -MMD -MP -MF"src/Livrable 1.d" -MT"src/Livrable\ 1.d" -o "src/Livrable 1.o" "../src/Livrable 1.cpp"
Finished building: ../src/Livrable 1.cpp
 
Building target: Livrable 1
Invoking: GCC C++ Linker
g++  -o "Livrable 1"  ./src/Livrable\ 1.o ./src/arret.o ./src/auxiliaires.o ./src/coordonnees.o ./src/ligne.o ./src/station.o ./src/voyage.o   
/usr/bin/ld : ne peut ouvrir le fichier de sortie Livrable 1 : Fichier texte occupé
collect2: error: ld returned 1 exit status
make: *** [Livrable 1] Erreur 1
makefile:45 : la recette pour la cible « Livrable 1 » a échouée
13:57:33 **** Incremental Build of configuration Debug for project Livrable 1 ****
make all 
Building target: Livrable 1
Invoking: GCC C++ Linker
g++  -o "Livrable 1"  ./src/Livrable\ 1.o ./src/arret.o ./src/auxiliaires.o ./src/coordonnees.o ./src/ligne.o ./src/station.o ./src/voyage.o   
/usr/bin/ld : ne peut ouvrir le fichier de sortie Livrable 1 : Fichier texte occupé
collect2: error: ld returned 1 exit status
make: *** [Livrable 1] Erreur 1
makefile:45 : la recette pour la cible « Livrable 1 » a échouée
13:59:00 **** Incremental Build of configuration Debug for project Livrable 1 ****
make all 
Building file: ../src/Livrable 1.cpp
Invoking: GCC C++ Compiler
g++ -std=c++0x -O0 -g3 -Wall -c -fmessage-length=0 -MMD -MP -MF"src/Livrable 1.d" -MT"src/Livrable\ 1.d" -o "src/Livrable 1.o" "../src/Livrable 1.cpp"
Finished building: ../src/Livrable 1.cpp
 
Building target: Livrable 1
Invoking: GCC C++ Linker
g++  -o "Livrable 1"  ./src/Livrable\ 1.o ./src/arret.o ./src/auxiliaires.o ./src/coordonnees.o ./src/ligne.o ./src/station.o ./src/voyage.o   
/usr/bin/ld : ne peut ouvrir le fichier de sortie Livrable 1 : Fichier texte occupé
collect2: error: ld returned 1 exit status
makefile:45 : la recette pour la cible « Livrable 1 » a échouée
make: *** [Livrable 1] Erreur 1
13:59:05 **** Incremental Build of configuration Debug for project Livrable 1 ****
make all 
Building target: Livrable 1
Invoking: GCC C++ Linker
g++  -o "Livrable 1"  ./src/Livrable\ 1.o ./src/arret.o ./src/auxiliaires.o ./src/coordonnees.o ./src/ligne.o ./src/station.o ./src/voyage.o   
/usr/bin/ld : ne peut ouvrir le fichier de sortie Livrable 1 : Fichier texte occupé
collect2: error: ld returned 1 exit status
makefile:45 : la recette pour la cible « Livrable 1 » a échouée
make: *** [Livrable 1] Erreur 1
13:59:35 **** Clean-only build of configuration Debug for project Livrable 1 ****
make clean 
rm -rf  ./src/Livrable\ 1.o ./src/arret.o ./src/auxiliaires.o ./src/coordonnees.o ./src/ligne.o ./src/station.o ./src/voyage.o  ./src/Livrable\ 1.d ./src/arret.d ./src/auxiliaires.d ./src/coordonnees.d ./src/ligne.d ./src/station.d ./src/voyage.d  "Livrable 1"
rm: impossible de supprimer 'Livrable 1': Fichier texte occupé
makefile:53 : la recette pour la cible « clean » a échouée
make: [clean] Erreur 1 (ignorée)
 
13:59:35 **** Incremental Build of configuration Debug for project Livrable 1 ****
make all 
Building file: ../src/Livrable1.cpp
Invoking: GCC C++ Compiler
g++ -std=c++0x -O0 -g3 -Wall -c -fmessage-length=0 -MMD -MP -MF"src/Livrable1.d" -MT"src/Livrable1.o" -o "src/Livrable1.o" "../src/Livrable1.cpp"
Finished building: ../src/Livrable1.cpp
 
Building file: ../src/arret.cpp
Invoking: GCC C++ Compiler
g++ -std=c++0x -O0 -g3 -Wall -c -fmessage-length=0 -MMD -MP -MF"src/arret.d" -MT"src/arret.o" -o "src/arret.o" "../src/arret.cpp"
Finished building: ../src/arret.cpp
 
Building file: ../src/auxiliaires.cpp
Invoking: GCC C++ Compiler
g++ -std=c++0x -O0 -g3 -Wall -c -fmessage-length=0 -MMD -MP -MF"src/auxiliaires.d" -MT"src/auxiliaires.o" -o "src/auxiliaires.o" "../src/auxiliaires.cpp"
Finished building: ../src/auxiliaires.cpp
 
Building file: ../src/coordonnees.cpp
Invoking: GCC C++ Compiler
g++ -std=c++0x -O0 -g3 -Wall -c -fmessage-length=0 -MMD -MP -MF"src/coordonnees.d" -MT"src/coordonnees.o" -o "src/coordonnees.o" "../src/coordonnees.cpp"
Finished building: ../src/coordonnees.cpp
 
Building file: ../src/ligne.cpp
Invoking: GCC C++ Compiler
g++ -std=c++0x -O0 -g3 -Wall -c -fmessage-length=0 -MMD -MP -MF"src/ligne.d" -MT"src/ligne.o" -o "src/ligne.o" "../src/ligne.cpp"
Finished building: ../src/ligne.cpp
 
Building file: ../src/station.cpp
Invoking: GCC C++ Compiler
g++ -std=c++0x -O0 -g3 -Wall -c -fmessage-length=0 -MMD -MP -MF"src/station.d" -MT"src/station.o" -o "src/station.o" "../src/station.cpp"
Finished building: ../src/station.cpp
 
Building file: ../src/voyage.cpp
Invoking: GCC C++ Compiler
g++ -std=c++0x -O0 -g3 -Wall -c -fmessage-length=0 -MMD -MP -MF"src/voyage.d" -MT"src/voyage.o" -o "src/voyage.o" "../src/voyage.cpp"
In file included from ../src/voyage.cpp:9:0:
../src/voyage.h: In constructor ‘Voyage::Voyage(const std::vector<std::__cxx11::basic_string<char> >&, Ligne*)’:
../src/voyage.h:47:14: warning: ‘Voyage::m_destination’ will be initialized after [-Wreorder]
  std::string m_destination;
              ^
../src/voyage.h:45:9: warning:   ‘Ligne* Voyage::m_ligne’ [-Wreorder]
  Ligne* m_ligne;
         ^
../src/voyage.cpp:12:1: warning:   when initialized here [-Wreorder]
 Voyage::Voyage(const std::vector<std::string>& ligne_gtfs, Ligne* p_ligne)
 ^
Finished building: ../src/voyage.cpp
 
Building target: Livrable 1
Invoking: GCC C++ Linker
g++  -o "Livrable 1"  ./src/Livrable1.o ./src/arret.o ./src/auxiliaires.o ./src/coordonnees.o ./src/ligne.o ./src/station.o ./src/voyage.o   
/usr/bin/ld : ne peut ouvrir le fichier de sortie Livrable 1 : Fichier texte occupé
collect2: error: ld returned 1 exit status
makefile:45 : la recette pour la cible « Livrable 1 » a échouée
make: *** [Livrable 1] Erreur 1
14:00:18 **** Build of configuration Debug for project Livrable1 ****
make all 
Building target: Livrable1
Invoking: GCC C++ Linker
g++  -o "Livrable1"  ./src/Livrable1.o ./src/arret.o ./src/auxiliaires.o ./src/coordonnees.o ./src/ligne.o ./src/station.o ./src/voyage.o   
Finished building target: Livrable1
 
14:00:21 **** Incremental Build of configuration Debug for project Livrable1 ****
make all 
make: rien à faire pour « all ».
14:01:14 **** Build of configuration Debug for project Livrable 1 ****
make all 
Building target: Livrable 1
Invoking: GCC C++ Linker
g++  -o "Livrable 1"  ./src/Livrable1.o ./src/arret.o ./src/auxiliaires.o ./src/coordonnees.o ./src/ligne.o ./src/station.o ./src/voyage.o   
/usr/bin/ld : ne peut ouvrir le fichier de sortie Livrable 1 : Fichier texte occupé
collect2: error: ld returned 1 exit status
makefile:45 : la recette pour la cible « Livrable 1 » a échouée
make: *** [Livrable 1] Erreur 1
14:03:22 **** Incremental Build of configuration Debug for project Livrable 1 ****
make all 
Building file: ../src/Livrable1.c
Invoking: GCC C Compiler
gcc -O0 -g3 -Wall -c -fmessage-length=0 -MMD -MP -MF"src/Livrable1.d" -MT"src/Livrable1.o" -o "src/Livrable1.o" "../src/Livrable1.c"
../src/Livrable1.c:1:20: fatal error: Livrable1: Aucun fichier ou dossier de ce type
compilation terminated.
src/subdir.mk:42 : la recette pour la cible « src/Livrable1.o » a échouée
make: *** [src/Livrable1.o] Erreur 1
14:03:40 **** Incremental Build of configuration Debug for project Livrable 1 ****
make all 
Building file: ../src/Livrable1.c
Invoking: GCC C Compiler
gcc -O0 -g3 -Wall -c -fmessage-length=0 -MMD -MP -MF"src/Livrable1.d" -MT"src/Livrable1.o" -o "src/Livrable1.o" "../src/Livrable1.c"
../src/Livrable1.c:1:21: fatal error: Livrable1: Aucun fichier ou dossier de ce type
src/subdir.mk:42 : la recette pour la cible « src/Livrable1.o » a échouée
compilation terminated.
make: *** [src/Livrable1.o] Erreur 1
14:03:43 **** Incremental Build of configuration Debug for project Livrable 1 ****
make all 
Building file: ../src/Livrable1.c
Invoking: GCC C Compiler
gcc -O0 -g3 -Wall -c -fmessage-length=0 -MMD -MP -MF"src/Livrable1.d" -MT"src/Livrable1.o" -o "src/Livrable1.o" "../src/Livrable1.c"
../src/Livrable1.c:1:21: fatal error: Livrable1: Aucun fichier ou dossier de ce type
compilation terminated.
make: *** [src/Livrable1.o] Erreur 1
src/subdir.mk:42 : la recette pour la cible « src/Livrable1.o » a échouée
14:03:49 **** Incremental Build of configuration Debug for project Livrable 1 ****
make all 
Building file: ../src/Livrable1.c
Invoking: GCC C Compiler
gcc -O0 -g3 -Wall -c -fmessage-length=0 -MMD -MP -MF"src/Livrable1.d" -MT"src/Livrable1.o" -o "src/Livrable1.o" "../src/Livrable1.c"
../src/Livrable1.c:1:21: fatal error: Livrable1: Aucun fichier ou dossier de ce type
src/subdir.mk:42 : la recette pour la cible « src/Livrable1.o » a échouée
compilation terminated.
make: *** [src/Livrable1.o] Erreur 1
14:05:04 **** Incremental Build of configuration Debug for project Livrable 1 ****
make all 
Building file: ../src/Livrable1.cpp
Invoking: GCC C++ Compiler
g++ -std=c++0x -O0 -g3 -Wall -c -fmessage-length=0 -MMD -MP -MF"src/Livrable1.d" -MT"src/Livrable1.o" -o "src/Livrable1.o" "../src/Livrable1.cpp"
Finished building: ../src/Livrable1.cpp
 
Building target: Livrable 1
Invoking: GCC C++ Linker
g++  -o "Livrable 1"  ./src/Livrable1.o ./src/arret.o ./src/auxiliaires.o ./src/coordonnees.o ./src/ligne.o ./src/station.o ./src/voyage.o   
/usr/bin/ld : ne peut ouvrir le fichier de sortie Livrable 1 : Fichier texte occupé
collect2: error: ld returned 1 exit status
makefile:45 : la recette pour la cible « Livrable 1 » a échouée
make: *** [Livrable 1] Erreur 1
14:05:10 **** Incremental Build of configuration Debug for project Livrable 1 ****
make all 
Building target: Livrable 1
Invoking: GCC C++ Linker
g++  -o "Livrable 1"  ./src/Livrable1.o ./src/arret.o ./src/auxiliaires.o ./src/coordonnees.o ./src/ligne.o ./src/station.o ./src/voyage.o   
/usr/bin/ld : ne peut ouvrir le fichier de sortie Livrable 1 : Fichier texte occupé
collect2: error: ld returned 1 exit status
make: *** [Livrable 1] Erreur 1
makefile:45 : la recette pour la cible « Livrable 1 » a échouée
14:06:49 **** Incremental Build of configuration Debug for project Livrable 1 ****
make all 
Building target: Livrable 1
Invoking: GCC C++ Linker
g++  -o "Livrable 1"  ./src/Livrable1.o ./src/arret.o ./src/auxiliaires.o ./src/coordonnees.o ./src/ligne.o ./src/station.o ./src/voyage.o   
Finished building target: Livrable 1
 
14:08:57 **** Incremental Build of configuration Debug for project Livrable 1 ****
make all 
make: rien à faire pour « all ».
14:09:00 **** Incremental Build of configuration Debug for project Livrable 1 ****
make all 
make: rien à faire pour « all ».
14:09:07 **** Incremental Build of configuration Debug for project Livrable 1 ****
make all 
make: rien à faire pour « all ».
14:09:11 **** Incremental Build of configuration Debug for project Livrable 1 ****
make all 
make: rien à faire pour « all ».
14:09:14 **** Incremental Build of configuration Debug for project Livrable 1 ****
make all 
make: rien à faire pour « all ».
14:09:16 **** Incremental Build of configuration Debug for project Livrable 1 ****
make all 
make: rien à faire pour « all ».
14:09:19 **** Incremental Build of configuration Debug for project Livrable 1 ****
make all 
make: rien à faire pour « all ».
14:09:23 **** Incremental Build of configuration Debug for project Livrable 1 ****
make all 
make: rien à faire pour « all ».
14:10:15 **** Incremental Build of configuration Debug for project Livrable 1 ****
make all 
make: rien à faire pour « all ».
14:20:59 **** Incremental Build of configuration Debug for project Livrable 1 ****
make all 
Building file: ../src/Livrable1.cpp
Invoking: GCC C++ Compiler
g++ -std=c++0x -O0 -g3 -Wall -c -fmessage-length=0 -MMD -MP -MF"src/Livrable1.d" -MT"src/Livrable1.o" -o "src/Livrable1.o" "../src/Livrable1.cpp"
../src/Livrable1.cpp: In function ‘int main()’:
../src/Livrable1.cpp:13:2: error: ‘Heure’ was not declared in this scope
  Heure heure1 = new Heure();
  ^
../src/Livrable1.cpp:14:8: error: expected ‘;’ before ‘heure2’
  Heure heure2 = new Heure();
        ^
../src/Livrable1.cpp:16:10: error: ‘heure1’ was not declared in this scope
  cout << heure1 << endl; // prints !!!Hello World!!!
          ^
../src/Livrable1.cpp:18:9: error: type ‘<type error>’ argument given to ‘delete’, expected pointer
  delete heure1;
         ^
../src/Livrable1.cpp:19:9: error: ‘heure2’ was not declared in this scope
  delete heure2
         ^
src/subdir.mk:36 : la recette pour la cible « src/Livrable1.o » a échouée
make: *** [src/Livrable1.o] Erreur 1
14:21:10 **** Incremental Build of configuration Debug for project Livrable 1 ****
make all 
Building file: ../src/Livrable1.cpp
Invoking: GCC C++ Compiler
g++ -std=c++0x -O0 -g3 -Wall -c -fmessage-length=0 -MMD -MP -MF"src/Livrable1.d" -MT"src/Livrable1.o" -o "src/Livrable1.o" "../src/Livrable1.cpp"
../src/Livrable1.cpp: In function ‘int main()’:
../src/Livrable1.cpp:13:2: error: ‘Heure’ was not declared in this scope
  Heure heure1 = new Heure();
  ^
../src/Livrable1.cpp:14:8: error: expected ‘;’ before ‘heure2’
  Heure heure2 = new Heure();
        ^
../src/Livrable1.cpp:16:10: error: ‘heure1’ was not declared in this scope
  cout << heure1 << endl; // prints !!!Hello World!!!
          ^
../src/Livrable1.cpp:18:9: error: type ‘<type error>’ argument given to ‘delete’, expected pointer
  delete heure1;
         ^
../src/Livrable1.cpp:19:9: error: ‘heure2’ was not declared in this scope
  delete heure2;
         ^
src/subdir.mk:36 : la recette pour la cible « src/Livrable1.o » a échouée
make: *** [src/Livrable1.o] Erreur 1
14:21:35 **** Incremental Build of configuration Debug for project Livrable 1 ****
make all 
Building file: ../src/Livrable1.cpp
Invoking: GCC C++ Compiler
g++ -std=c++0x -O0 -g3 -Wall -c -fmessage-length=0 -MMD -MP -MF"src/Livrable1.d" -MT"src/Livrable1.o" -o "src/Livrable1.o" "../src/Livrable1.cpp"
../src/Livrable1.cpp:10:25: fatal error: auxiliaires.h: Aucun fichier ou dossier de ce type
compilation terminated.
make: *** [src/Livrable1.o] Erreur 1
src/subdir.mk:36 : la recette pour la cible « src/Livrable1.o » a échouée
14:23:10 **** Incremental Build of configuration Debug for project Livrable 1 ****
make all 
Building file: ../src/Livrable1.cpp
Invoking: GCC C++ Compiler
g++ -std=c++0x -O0 -g3 -Wall -c -fmessage-length=0 -MMD -MP -MF"src/Livrable1.d" -MT"src/Livrable1.o" -o "src/Livrable1.o" "../src/Livrable1.cpp"
../src/Livrable1.cpp:10:25: fatal error: auxiliaires.h: Aucun fichier ou dossier de ce type
compilation terminated.
make: *** [src/Livrable1.o] Erreur 1
src/subdir.mk:36 : la recette pour la cible « src/Livrable1.o » a échouée
14:24:39 **** Incremental Build of configuration Debug for project Livrable 1 ****
make all 
Building file: ../src/Livrable1.cpp
Invoking: GCC C++ Compiler
g++ -std=c++0x -O0 -g3 -Wall -c -fmessage-length=0 -MMD -MP -MF"src/Livrable1.d" -MT"src/Livrable1.o" -o "src/Livrable1.o" "../src/Livrable1.cpp"
../src/Livrable1.cpp:10:29: fatal error: rtc.auxiliaires.h: Aucun fichier ou dossier de ce type
compilation terminated.
make: *** [src/Livrable1.o] Erreur 1
src/subdir.mk:36 : la recette pour la cible « src/Livrable1.o » a échouée
14:28:44 **** Incremental Build of configuration Debug for project Livrable 1 ****
make all 
Building file: ../src/Livrable1.cpp
Invoking: GCC C++ Compiler
g++ -std=c++0x -O0 -g3 -Wall -c -fmessage-length=0 -MMD -MP -MF"src/Livrable1.d" -MT"src/Livrable1.o" -o "src/Livrable1.o" "../src/Livrable1.cpp"
../src/Livrable1.cpp: In function ‘int main()’:
../src/Livrable1.cpp:15:27: error: conversion from ‘Heure*’ to non-scalar type ‘Heure’ requested
  Heure heure1 = new Heure();
                           ^
../src/Livrable1.cpp:16:27: error: conversion from ‘Heure*’ to non-scalar type ‘Heure’ requested
  Heure heure2 = new Heure();
                           ^
../src/Livrable1.cpp:20:9: error: type ‘class Heure’ argument given to ‘delete’, expected pointer
  delete heure1;
         ^
../src/Livrable1.cpp:21:9: error: type ‘class Heure’ argument given to ‘delete’, expected pointer
  delete heure2;
         ^
src/subdir.mk:36 : la recette pour la cible « src/Livrable1.o » a échouée
make: *** [src/Livrable1.o] Erreur 1
14:29:48 **** Incremental Build of configuration Debug for project Livrable 1 ****
make all 
Building file: ../src/Livrable1.cpp
Invoking: GCC C++ Compiler
g++ -std=c++0x -O0 -g3 -Wall -c -fmessage-length=0 -MMD -MP -MF"src/Livrable1.d" -MT"src/Livrable1.o" -o "src/Livrable1.o" "../src/Livrable1.cpp"
../src/Livrable1.cpp: In function ‘int main()’:
../src/Livrable1.cpp:16:27: error: conversion from ‘Heure*’ to non-scalar type ‘Heure’ requested
  Heure heure2 = new Heure();
                           ^
../src/Livrable1.cpp:21:9: error: type ‘class Heure’ argument given to ‘delete’, expected pointer
  delete heure2;
         ^
src/subdir.mk:36 : la recette pour la cible « src/Livrable1.o » a échouée
make: *** [src/Livrable1.o] Erreur 1
14:29:58 **** Incremental Build of configuration Debug for project Livrable 1 ****
make all 
Building file: ../src/Livrable1.cpp
Invoking: GCC C++ Compiler
g++ -std=c++0x -O0 -g3 -Wall -c -fmessage-length=0 -MMD -MP -MF"src/Livrable1.d" -MT"src/Livrable1.o" -o "src/Livrable1.o" "../src/Livrable1.cpp"
Finished building: ../src/Livrable1.cpp
 
Building file: ../src/auxiliaires.cpp
Invoking: GCC C++ Compiler
g++ -std=c++0x -O0 -g3 -Wall -c -fmessage-length=0 -MMD -MP -MF"src/auxiliaires.d" -MT"src/auxiliaires.o" -o "src/auxiliaires.o" "../src/auxiliaires.cpp"
Finished building: ../src/auxiliaires.cpp
 
Building target: Livrable 1
Invoking: GCC C++ Linker
g++  -o "Livrable 1"  ./src/Livrable1.o ./src/arret.o ./src/auxiliaires.o ./src/coordonnees.o ./src/ligne.o ./src/station.o ./src/voyage.o   
/usr/bin/ld : ne peut ouvrir le fichier de sortie Livrable 1 : Fichier texte occupé
collect2: error: ld returned 1 exit status
makefile:45 : la recette pour la cible « Livrable 1 » a échouée
make: *** [Livrable 1] Erreur 1
14:30:01 **** Incremental Build of configuration Debug for project Livrable 1 ****
make all 
Building target: Livrable 1
Invoking: GCC C++ Linker
g++  -o "Livrable 1"  ./src/Livrable1.o ./src/arret.o ./src/auxiliaires.o ./src/coordonnees.o ./src/ligne.o ./src/station.o ./src/voyage.o   
/usr/bin/ld : ne peut ouvrir le fichier de sortie Livrable 1 : Fichier texte occupé
collect2: error: ld returned 1 exit status
makefile:45 : la recette pour la cible « Livrable 1 » a échouée
make: *** [Livrable 1] Erreur 1
14:31:08 **** Clean-only build of configuration Debug for project Livrable 1 ****
make clean 
rm -rf  ./src/Livrable1.o ./src/arret.o ./src/auxiliaires.o ./src/coordonnees.o ./src/ligne.o ./src/station.o ./src/voyage.o  ./src/Livrable1.d ./src/arret.d ./src/auxiliaires.d ./src/coordonnees.d ./src/ligne.d ./src/station.d ./src/voyage.d  "Livrable 1"
rm: impossible de supprimer 'Livrable 1': Fichier texte occupé
makefile:53 : la recette pour la cible « clean » a échouée
make: [clean] Erreur 1 (ignorée)
 
14:31:13 **** Build of configuration Debug for project Livrable 1 ****
make all 
Building file: ../src/Livrable1.cpp
Invoking: GCC C++ Compiler
g++ -std=c++0x -O0 -g3 -Wall -c -fmessage-length=0 -MMD -MP -MF"src/Livrable1.d" -MT"src/Livrable1.o" -o "src/Livrable1.o" "../src/Livrable1.cpp"
Finished building: ../src/Livrable1.cpp
 
Building file: ../src/arret.cpp
Invoking: GCC C++ Compiler
g++ -std=c++0x -O0 -g3 -Wall -c -fmessage-length=0 -MMD -MP -MF"src/arret.d" -MT"src/arret.o" -o "src/arret.o" "../src/arret.cpp"
Finished building: ../src/arret.cpp
 
Building file: ../src/auxiliaires.cpp
Invoking: GCC C++ Compiler
g++ -std=c++0x -O0 -g3 -Wall -c -fmessage-length=0 -MMD -MP -MF"src/auxiliaires.d" -MT"src/auxiliaires.o" -o "src/auxiliaires.o" "../src/auxiliaires.cpp"
Finished building: ../src/auxiliaires.cpp
 
Building file: ../src/coordonnees.cpp
Invoking: GCC C++ Compiler
g++ -std=c++0x -O0 -g3 -Wall -c -fmessage-length=0 -MMD -MP -MF"src/coordonnees.d" -MT"src/coordonnees.o" -o "src/coordonnees.o" "../src/coordonnees.cpp"
Finished building: ../src/coordonnees.cpp
 
Building file: ../src/ligne.cpp
Invoking: GCC C++ Compiler
g++ -std=c++0x -O0 -g3 -Wall -c -fmessage-length=0 -MMD -MP -MF"src/ligne.d" -MT"src/ligne.o" -o "src/ligne.o" "../src/ligne.cpp"
Finished building: ../src/ligne.cpp
 
Building file: ../src/station.cpp
Invoking: GCC C++ Compiler
g++ -std=c++0x -O0 -g3 -Wall -c -fmessage-length=0 -MMD -MP -MF"src/station.d" -MT"src/station.o" -o "src/station.o" "../src/station.cpp"
Finished building: ../src/station.cpp
 
Building file: ../src/voyage.cpp
Invoking: GCC C++ Compiler
g++ -std=c++0x -O0 -g3 -Wall -c -fmessage-length=0 -MMD -MP -MF"src/voyage.d" -MT"src/voyage.o" -o "src/voyage.o" "../src/voyage.cpp"
In file included from ../src/voyage.cpp:9:0:
../src/voyage.h: In constructor ‘Voyage::Voyage(const std::vector<std::__cxx11::basic_string<char> >&, Ligne*)’:
../src/voyage.h:47:14: warning: ‘Voyage::m_destination’ will be initialized after [-Wreorder]
  std::string m_destination;
              ^
../src/voyage.h:45:9: warning:   ‘Ligne* Voyage::m_ligne’ [-Wreorder]
  Ligne* m_ligne;
         ^
../src/voyage.cpp:12:1: warning:   when initialized here [-Wreorder]
 Voyage::Voyage(const std::vector<std::string>& ligne_gtfs, Ligne* p_ligne)
 ^
Finished building: ../src/voyage.cpp
 
Building target: Livrable 1
Invoking: GCC C++ Linker
g++  -o "Livrable 1"  ./src/Livrable1.o ./src/arret.o ./src/auxiliaires.o ./src/coordonnees.o ./src/ligne.o ./src/station.o ./src/voyage.o   
/usr/bin/ld : ne peut ouvrir le fichier de sortie Livrable 1 : Fichier texte occupé
collect2: error: ld returned 1 exit status
makefile:45 : la recette pour la cible « Livrable 1 » a échouée
make: *** [Livrable 1] Erreur 1
14:31:32 **** Clean-only build of configuration Debug for project Livrable 1 ****
make clean 
rm -rf  ./src/Livrable1.o ./src/arret.o ./src/auxiliaires.o ./src/coordonnees.o ./src/ligne.o ./src/station.o ./src/voyage.o  ./src/Livrable1.d ./src/arret.d ./src/auxiliaires.d ./src/coordonnees.d ./src/ligne.d ./src/station.d ./src/voyage.d  "Livrable 1"
rm: impossible de supprimer 'Livrable 1': Fichier texte occupé
makefile:53 : la recette pour la cible « clean » a échouée
make: [clean] Erreur 1 (ignorée)
 
